#
# A fatal error has been detected by the Java Runtime Environment:
#
#  SIGSEGV (0xb) at pc=0x0000000000000000, pid=54061, tid=54181
#
# JRE version: OpenJDK Runtime Environment Temurin-25.0.2+10 (25.0.2+10) (build 25.0.2+10-LTS)
# Java VM: OpenJDK 64-Bit Server VM Temurin-25.0.2+10 (25.0.2+10-LTS, mixed mode, sharing, tiered, compressed oops, compressed class ptrs, g1 gc, linux-amd64)
# Problematic frame:
# C  [libopenal64.so+0x204d1]  aluMixData+0xd1
#
# Core dump will be written. Default location: Core dumps may be processed with "/usr/share/apport/apport -p%p -s%s -c%c -d%d -P%P -u%u -g%g -F%F -- %E" (or dumping to /home/veil/projects/java_missel_intercept/core.54061)
#
# If you would like to submit a bug report, please visit:
#   https://github.com/adoptium/adoptium-support/issues
#

---------------  S U M M A R Y ------------

Command Line: -XX:+ShowCodeDetailsInExceptionMessages org.example.app.MainApp

Host: Intel(R) Core(TM) i7-7500U CPU @ 2.70GHz, 4 cores, 11G, Ubuntu 24.04.4 LTS
Time: Wed Mar 18 12:37:45 2026 CET elapsed time: 3.119465 seconds (0d 0h 0m 3s)

---------------  T H R E A D  ---------------

Current thread is native thread

Stack: [0x000071be2840a000,0x000071be2850a000],  sp=0x000071be28508cd0,  free space=1019k
Native frames: (J=compiled Java code, j=interpreted, Vv=VM code, C=native code)
C  [libopenal64.so+0x204d1]  aluMixData+0xd1

siginfo: si_signo: 11 (SIGSEGV), si_code: 1 (SEGV_MAPERR), si_addr: 0x0000000000000000

Registers:
RAX=0x000071be854577c0, RBX=0x0000000000000400, RCX=0x0000000000000000, RDX=0x000071be443c1820
RSP=0x000071be28508cc8, RBP=0x000071be443ad690, RSI=0x0000000000000000, RDI=0x000071be443ad690
R8 =0x000071be443a3718, R9 =0x000071be4439f720, R10=0x000071be28508e10, R11=0x0000000000000206
R12=0x000071be443b1820, R13=0x0000000000012000, R14=0x0000000000001000, R15=0x000071be28508e78
RIP=0x0000000000000000, EFLAGS=0x0000000000010246, CSGSFS=0x002b000000000033, ERR=0x0000000000000014
  TRAPNO=0x000000000000000e

XMM[0]=0x0000000000000000 0x0000000000000000
XMM[1]=0x0000000000000000 0x0000000000000000
XMM[2]=0x0000000000000000 0x00000000bb800000
XMM[3]=0x0000000000000000 0x0000000038000000
XMM[4]=0x0000000000000000 0x00000000bb800000
XMM[5]=0x0000000000000000 0x0000000000000000
XMM[6]=0x0000000000000000 0x0000000000000000
XMM[7]=0x0000000000000000 0x0000000080000000
XMM[8]=0x0000000000000000 0x000000003f000000
XMM[9]=0x0000000000000000 0x000000003f800002
XMM[10]=0x0000000000000000 0x000000003f000000
XMM[11]=0x0000000000000000 0x00000000bf800000
XMM[12]=0x0000000000000000 0x000000003f800000
XMM[13]=0x0000000000000000 0x000000003f800000
XMM[14]=0x0000000000000000 0x000071be395cca70
XMM[15]=0x0000000000000000 0x0000000000000000
  MXCSR=0x00009fa2


Top of Stack: (sp=0x000071be28508cc8)
0x000071be28508cc8:   000071be852204d1 000071be840be348   .."..q..H....q..
0x000071be28508cd8:   000071beb6b1c5f1 000071bebb800000   .....q.......q..
0x000071be28508ce8:   0000000000000001 000071be00000000   .............q..
0x000071be28508cf8:   0000000000000001 000071be28508d40   ........@.P(.q..
0x000071be28508d08:   000071be84064632 0000000000002000   2F...q... ......
0x000071be28508d18:   000071be00000ee0 0000000000000000   .....q..........
0x000071be28508d28:   0000000000000000 000071be12ffe040   ........@....q..
0x000071be28508d38:   000071be443c5a00 000071be28508d60   .Z<D.q..`.P(.q..
0x000071be28508d48:   000071be8446822f 5700000000001821   /.F..q..!......W
0x000071be28508d58:   dcd44134e0953c00 0000000000002000   .<..4A... ......
0x000071be28508d68:   000071be84067510 0000000000000000   .u...q..........
0x000071be28508d78:   000071be4439e940 000071be28508da0   @.9D.q....P(.q..
0x000071be28508d88:   000071be8407ac0c 000071be443c5a00   .....q...Z<D.q..
0x000071be28508d98:   0000000000002000 000071be28508dd0   . ........P(.q..
0x000071be28508da8:   000071be8407ae87 000071be443c5a00   .....q...Z<D.q..
0x000071be28508db8:   000071be443b1820 000071be4439e940    .;D.q..@.9D.q..
0x000071be28508dc8:   000071be28508e70 000071be28508e00   p.P(.q....P(.q..
0x000071be28508dd8:   000071be12ffe040 0000040028508e00   @....q....P(....
0x000071be28508de8:   000071be28508e00 0000000000000000   ..P(.q..........
0x000071be28508df8:   000071be28508e78 00001fa20000037f   x.P(.q..........
0x000071be28508e08:   000071be844768f8 0000000000000000   .hG..q..........
0x000071be28508e18:   0000000000002000 000071be4439d4a0   . ........9D.q..
0x000071be28508e28:   0000000000000000 000071be443ad690   ..........:D.q..
0x000071be28508e38:   0000000000000008 000071be28508e78   ........x.P(.q..
0x000071be28508e48:   000071be85236544 000071be2840a000   De#..q....@(.q..
0x000071be28508e58:   000071be28508e70 0000000000002000   p.P(.q... ......
0x000071be28508e68:   0000000000006000 000071be12ffe040   .`......@....q..
0x000071be28508e78:   0000000000002000 35203a6b63617473   . ......stack: 5
0x000071be28508e88:   000071be443a3830 000071be28508f70   08:D.q..p.P(.q..
0x000071be28508e98:   000071be285096c0 ffffffffffffff88   ..P(.q..........
0x000071be28508ea8:   0000000000000058 000071be85afdf90   X............q..
0x000071be28508eb8:   000071be8522973a 000071be28509cdc   :."..q....P(.q..

Instructions: (pc=0x000071be852204d1)
  0x000071be852203d1:   00 00 00 00 75 da 44 89 4c 24 0c b8 02 00 00 00
  0x000071be852203e1:   4c 8d 3d c8 f1 01 00 f3 0f 10 64 24 0c e9 80 fa
  0x000071be852203f1:   ff ff 66 66 66 66 2e 0f 1f 84 00 00 00 00 00 41
  0x000071be85220401:   57 41 56 41 55 41 54 55 48 89 fd 53 48 81 ec 48
  0x000071be85220411:   01 00 00 48 8d 84 24 30 01 00 00 89 94 24 14 01
  0x000071be85220421:   00 00 48 89 b4 24 08 01 00 00 48 89 c7 48 89 84
  0x000071be85220431:   24 18 01 00 00 e8 f5 97 00 00 48 8d 95 90 41